Program.Main 2026-05-04T10:18:46.1210941+09:00
App.Initialize 2026-05-04T10:18:46.6085843+09:00
FrameworkCompleted 2026-05-04T10:18:46.6968448+09:00
Before MainWindow 2026-05-04T10:18:46.6973834+09:00
MainWindow ctor start 2026-05-04T10:18:46.8668778+09:00
MainWindow after InitializeComponent 2026-05-04T10:18:47.2240276+09:00
MainWindow ctor end 2026-05-04T10:18:47.2434043+09:00
After MainWindow 2026-05-04T10:18:47.2437739+09:00
After Dispatcher Show 2026-05-04T10:18:47.8621551+09:00
Program.Main 2026-05-04T13:46:33.8787744+09:00
App.Initialize 2026-05-04T13:46:34.2988119+09:00
FrameworkCompleted 2026-05-04T13:46:34.3721290+09:00
Before MainWindow 2026-05-04T13:46:34.3726015+09:00
MainWindow ctor start 2026-05-04T13:46:34.5217033+09:00
MainWindow after InitializeComponent 2026-05-04T13:46:34.8596962+09:00
MainWindow ctor end 2026-05-04T13:46:34.8790823+09:00
After MainWindow 2026-05-04T13:46:34.8794447+09:00
After Dispatcher Show 2026-05-04T13:46:35.4840886+09:00
Program.Main 2026-05-04T14:01:08.5805831+09:00
App.Initialize 2026-05-04T14:01:09.1023306+09:00
FrameworkCompleted 2026-05-04T14:01:09.2068263+09:00
Before MainWindow 2026-05-04T14:01:09.2073849+09:00
MainWindow ctor start 2026-05-04T14:01:09.4192632+09:00
MainWindow after InitializeComponent 2026-05-04T14:01:09.8075647+09:00
MainWindow ctor end 2026-05-04T14:01:09.8303571+09:00
After MainWindow 2026-05-04T14:01:09.8308905+09:00
After Dispatcher Show 2026-05-04T14:01:10.4924973+09:00
