Program.Main 2026-05-03T23:58:21.7650498+09:00
App.Initialize 2026-05-03T23:58:22.2101778+09:00
FrameworkCompleted 2026-05-03T23:58:22.3639972+09:00
Before MainWindow 2026-05-03T23:58:22.3644367+09:00
MainWindow ctor start 2026-05-03T23:58:22.5302838+09:00
MainWindow after InitializeComponent 2026-05-03T23:58:22.9389105+09:00
MainWindow ctor end 2026-05-03T23:58:22.9608356+09:00
After MainWindow 2026-05-03T23:58:22.9611775+09:00
After Dispatcher Show 2026-05-03T23:58:23.7246034+09:00
Program.Main 2026-05-04T00:00:26.6303819+09:00
App.Initialize 2026-05-04T00:00:27.0565661+09:00
FrameworkCompleted 2026-05-04T00:00:27.1384245+09:00
Before MainWindow 2026-05-04T00:00:27.1392940+09:00
MainWindow ctor start 2026-05-04T00:00:27.2892862+09:00
MainWindow after InitializeComponent 2026-05-04T00:00:27.6528299+09:00
MainWindow ctor end 2026-05-04T00:00:27.6725547+09:00
After MainWindow 2026-05-04T00:00:27.6729388+09:00
After Dispatcher Show 2026-05-04T00:00:28.2765050+09:00
Program.Main 2026-05-04T00:03:06.8437775+09:00
App.Initialize 2026-05-04T00:03:07.2957110+09:00
FrameworkCompleted 2026-05-04T00:03:07.3739008+09:00
Before MainWindow 2026-05-04T00:03:07.3743987+09:00
MainWindow ctor start 2026-05-04T00:03:07.5428411+09:00
MainWindow after InitializeComponent 2026-05-04T00:03:07.8956467+09:00
MainWindow ctor end 2026-05-04T00:03:07.9140512+09:00
After MainWindow 2026-05-04T00:03:07.9144897+09:00
After Dispatcher Show 2026-05-04T00:03:08.5742428+09:00
Program.Main 2026-05-04T00:06:18.6126349+09:00
App.Initialize 2026-05-04T00:06:19.0179610+09:00
FrameworkCompleted 2026-05-04T00:06:19.0894547+09:00
Before MainWindow 2026-05-04T00:06:19.0899235+09:00
MainWindow ctor start 2026-05-04T00:06:19.2397222+09:00
MainWindow after InitializeComponent 2026-05-04T00:06:19.5850709+09:00
MainWindow ctor end 2026-05-04T00:06:19.6017720+09:00
After MainWindow 2026-05-04T00:06:19.6020888+09:00
After Dispatcher Show 2026-05-04T00:06:20.1810219+09:00
Program.Main 2026-05-04T00:10:48.8107648+09:00
App.Initialize 2026-05-04T00:10:49.2319036+09:00
FrameworkCompleted 2026-05-04T00:10:49.3043112+09:00
Before MainWindow 2026-05-04T00:10:49.3047895+09:00
MainWindow ctor start 2026-05-04T00:10:49.4490457+09:00
MainWindow after InitializeComponent 2026-05-04T00:10:49.7787154+09:00
MainWindow ctor end 2026-05-04T00:10:49.7955327+09:00
After MainWindow 2026-05-04T00:10:49.7959159+09:00
After Dispatcher Show 2026-05-04T00:10:50.3722071+09:00
Program.Main 2026-05-04T00:14:16.6671722+09:00
App.Initialize 2026-05-04T00:14:17.1709407+09:00
FrameworkCompleted 2026-05-04T00:14:17.2516620+09:00
Before MainWindow 2026-05-04T00:14:17.2521564+09:00
MainWindow ctor start 2026-05-04T00:14:17.4092748+09:00
MainWindow after InitializeComponent 2026-05-04T00:14:17.7774866+09:00
MainWindow ctor end 2026-05-04T00:14:17.7991785+09:00
After MainWindow 2026-05-04T00:14:17.7995433+09:00
After Dispatcher Show 2026-05-04T00:14:18.4531651+09:00
Program.Main 2026-05-04T00:16:28.0498798+09:00
App.Initialize 2026-05-04T00:16:28.4435681+09:00
FrameworkCompleted 2026-05-04T00:16:28.5222335+09:00
Before MainWindow 2026-05-04T00:16:28.5227324+09:00
MainWindow ctor start 2026-05-04T00:16:28.6756796+09:00
MainWindow after InitializeComponent 2026-05-04T00:16:29.0058531+09:00
MainWindow ctor end 2026-05-04T00:16:29.0246699+09:00
After MainWindow 2026-05-04T00:16:29.0250605+09:00
After Dispatcher Show 2026-05-04T00:16:29.6101297+09:00
Program.Main 2026-05-04T00:19:08.8065575+09:00
App.Initialize 2026-05-04T00:19:09.1836706+09:00
FrameworkCompleted 2026-05-04T00:19:09.2581326+09:00
Before MainWindow 2026-05-04T00:19:09.2586127+09:00
MainWindow ctor start 2026-05-04T00:19:09.4361786+09:00
MainWindow after InitializeComponent 2026-05-04T00:19:09.7679749+09:00
MainWindow ctor end 2026-05-04T00:19:09.7855181+09:00
After MainWindow 2026-05-04T00:19:09.7858393+09:00
After Dispatcher Show 2026-05-04T00:19:10.4010488+09:00
Program.Main 2026-05-04T00:21:51.1007448+09:00
App.Initialize 2026-05-04T00:21:51.4752460+09:00
FrameworkCompleted 2026-05-04T00:21:51.5456458+09:00
Before MainWindow 2026-05-04T00:21:51.5461221+09:00
MainWindow ctor start 2026-05-04T00:21:51.6870281+09:00
MainWindow after InitializeComponent 2026-05-04T00:21:52.0099631+09:00
MainWindow ctor end 2026-05-04T00:21:52.0273895+09:00
After MainWindow 2026-05-04T00:21:52.0277408+09:00
After Dispatcher Show 2026-05-04T00:21:52.6105219+09:00
Program.Main 2026-05-04T00:26:02.0546455+09:00
App.Initialize 2026-05-04T00:26:02.4273787+09:00
FrameworkCompleted 2026-05-04T00:26:02.5131674+09:00
Before MainWindow 2026-05-04T00:26:02.5136514+09:00
MainWindow ctor start 2026-05-04T00:26:02.6549311+09:00
MainWindow after InitializeComponent 2026-05-04T00:26:02.9935079+09:00
MainWindow ctor end 2026-05-04T00:26:03.0105745+09:00
After MainWindow 2026-05-04T00:26:03.0109213+09:00
After Dispatcher Show 2026-05-04T00:26:03.5873654+09:00
Program.Main 2026-05-04T00:27:33.8313362+09:00
App.Initialize 2026-05-04T00:27:34.2028377+09:00
FrameworkCompleted 2026-05-04T00:27:34.2758074+09:00
Before MainWindow 2026-05-04T00:27:34.2762581+09:00
MainWindow ctor start 2026-05-04T00:27:34.4190139+09:00
MainWindow after InitializeComponent 2026-05-04T00:27:34.7455445+09:00
MainWindow ctor end 2026-05-04T00:27:34.7630312+09:00
After MainWindow 2026-05-04T00:27:34.7633818+09:00
After Dispatcher Show 2026-05-04T00:27:35.3297594+09:00
Program.Main 2026-05-04T00:29:35.2973326+09:00
App.Initialize 2026-05-04T00:29:35.6717187+09:00
FrameworkCompleted 2026-05-04T00:29:35.7449133+09:00
Before MainWindow 2026-05-04T00:29:35.7454398+09:00
MainWindow ctor start 2026-05-04T00:29:35.8926145+09:00
MainWindow after InitializeComponent 2026-05-04T00:29:36.2350247+09:00
MainWindow ctor end 2026-05-04T00:29:36.2510789+09:00
After MainWindow 2026-05-04T00:29:36.2513923+09:00
After Dispatcher Show 2026-05-04T00:29:36.8323152+09:00
