Program.Main 2026-05-04T10:32:05.9369404+09:00
App.Initialize 2026-05-04T10:32:07.4459212+09:00
FrameworkCompleted 2026-05-04T10:32:08.3531408+09:00
Before MainWindow 2026-05-04T10:32:08.3536293+09:00
MainWindow ctor start 2026-05-04T10:32:08.6054983+09:00
MainWindow after InitializeComponent 2026-05-04T10:32:09.0746810+09:00
MainWindow ctor end 2026-05-04T10:32:09.0935757+09:00
After MainWindow 2026-05-04T10:32:09.0939024+09:00
After Dispatcher Show 2026-05-04T10:32:09.6626855+09:00
Program.Main 2026-05-04T10:37:21.8804060+09:00
App.Initialize 2026-05-04T10:37:22.2631125+09:00
FrameworkCompleted 2026-05-04T10:37:22.3279520+09:00
Before MainWindow 2026-05-04T10:37:22.3283798+09:00
MainWindow ctor start 2026-05-04T10:37:22.4701362+09:00
MainWindow after InitializeComponent 2026-05-04T10:37:22.8213491+09:00
MainWindow ctor end 2026-05-04T10:37:22.8399751+09:00
After MainWindow 2026-05-04T10:37:22.8402969+09:00
After Dispatcher Show 2026-05-04T10:37:23.4140286+09:00
Program.Main 2026-05-04T12:48:23.5669882+09:00
App.Initialize 2026-05-04T12:48:24.6574797+09:00
FrameworkCompleted 2026-05-04T12:48:25.6182836+09:00
Before MainWindow 2026-05-04T12:48:25.6187923+09:00
MainWindow ctor start 2026-05-04T12:48:25.8919229+09:00
MainWindow after InitializeComponent 2026-05-04T12:48:26.3664251+09:00
MainWindow ctor end 2026-05-04T12:48:26.3933491+09:00
After MainWindow 2026-05-04T12:48:26.3936925+09:00
After Dispatcher Show 2026-05-04T12:48:27.0078408+09:00
Program.Main 2026-05-04T12:48:43.5564037+09:00
App.Initialize 2026-05-04T12:48:43.9443813+09:00
FrameworkCompleted 2026-05-04T12:48:44.0081608+09:00
Before MainWindow 2026-05-04T12:48:44.0086136+09:00
MainWindow ctor start 2026-05-04T12:48:44.1518014+09:00
MainWindow after InitializeComponent 2026-05-04T12:48:44.4776177+09:00
MainWindow ctor end 2026-05-04T12:48:44.4971041+09:00
After MainWindow 2026-05-04T12:48:44.4974216+09:00
After Dispatcher Show 2026-05-04T12:48:45.0630198+09:00
Program.Main 2026-05-04T12:54:22.5451884+09:00
App.Initialize 2026-05-04T12:54:22.9355640+09:00
FrameworkCompleted 2026-05-04T12:54:23.0000926+09:00
Before MainWindow 2026-05-04T12:54:23.0005903+09:00
MainWindow ctor start 2026-05-04T12:54:23.1413762+09:00
MainWindow after InitializeComponent 2026-05-04T12:54:23.4681009+09:00
MainWindow ctor end 2026-05-04T12:54:23.4865092+09:00
After MainWindow 2026-05-04T12:54:23.4868259+09:00
After Dispatcher Show 2026-05-04T12:54:24.0514025+09:00
Program.Main 2026-05-04T12:57:08.2387488+09:00
App.Initialize 2026-05-04T12:57:08.6119337+09:00
FrameworkCompleted 2026-05-04T12:57:08.7149848+09:00
Before MainWindow 2026-05-04T12:57:08.7154458+09:00
MainWindow ctor start 2026-05-04T12:57:08.8564788+09:00
MainWindow after InitializeComponent 2026-05-04T12:57:09.1837464+09:00
MainWindow ctor end 2026-05-04T12:57:09.2024650+09:00
After MainWindow 2026-05-04T12:57:09.2027611+09:00
After Dispatcher Show 2026-05-04T12:57:09.7734697+09:00
Program.Main 2026-05-04T12:59:17.7956248+09:00
App.Initialize 2026-05-04T12:59:18.1599962+09:00
FrameworkCompleted 2026-05-04T12:59:18.2239938+09:00
Before MainWindow 2026-05-04T12:59:18.2244619+09:00
MainWindow ctor start 2026-05-04T12:59:18.3663382+09:00
MainWindow after InitializeComponent 2026-05-04T12:59:18.6942669+09:00
MainWindow ctor end 2026-05-04T12:59:18.7128409+09:00
After MainWindow 2026-05-04T12:59:18.7131518+09:00
After Dispatcher Show 2026-05-04T12:59:19.2809969+09:00
Program.Main 2026-05-04T13:05:06.4323885+09:00
App.Initialize 2026-05-04T13:05:06.8486111+09:00
FrameworkCompleted 2026-05-04T13:05:06.9201043+09:00
Before MainWindow 2026-05-04T13:05:06.9205577+09:00
MainWindow ctor start 2026-05-04T13:05:07.0675477+09:00
MainWindow after InitializeComponent 2026-05-04T13:05:07.4030493+09:00
MainWindow ctor end 2026-05-04T13:05:07.4215907+09:00
After MainWindow 2026-05-04T13:05:07.4218860+09:00
After Dispatcher Show 2026-05-04T13:05:07.9864316+09:00
